0 info it worked if it ends with ok
1 verbose cli [ 'C:\\Program Files\\nodejs\\node.exe',
1 verbose cli   'C:\\Program Files\\nodejs\\node_modules\\npm\\bin\\npm-cli.js',
1 verbose cli   'install',
1 verbose cli   'sleep',
1 verbose cli   '--save' ]
2 info using npm@3.10.10
3 info using node@v6.10.3
4 silly loadCurrentTree Starting
5 silly install loadCurrentTree
6 silly install readLocalPackageData
7 silly fetchPackageMetaData sleep
8 silly fetchNamedPackageData sleep
9 silly mapToRegistry name sleep
10 silly mapToRegistry using default registry
11 silly mapToRegistry registry https://registry.npmjs.org/
12 silly mapToRegistry data Result {
12 silly mapToRegistry   raw: 'sleep',
12 silly mapToRegistry   scope: null,
12 silly mapToRegistry   escapedName: 'sleep',
12 silly mapToRegistry   name: 'sleep',
12 silly mapToRegistry   rawSpec: '',
12 silly mapToRegistry   spec: 'latest',
12 silly mapToRegistry   type: 'tag' }
13 silly mapToRegistry uri https://registry.npmjs.org/sleep
14 verbose request uri https://registry.npmjs.org/sleep
15 verbose request no auth needed
16 info attempt registry request try #1 at 5:28:10 AM
17 verbose request id 6464c35600440429
18 http request GET https://registry.npmjs.org/sleep
19 http 200 https://registry.npmjs.org/sleep
20 verbose headers { 'content-type': 'application/json; charset=UTF-8',
20 verbose headers   server: 'UploadServer',
20 verbose headers   'cache-control': 'max-age=300',
20 verbose headers   'last-modified': 'Tue, 23 Jan 2018 17:24:58 GMT',
20 verbose headers   etag: '"5a676fea-575b"',
20 verbose headers   'x-npm-region': 'EU-Central',
20 verbose headers   'content-encoding': 'gzip',
20 verbose headers   'content-length': '3110',
20 verbose headers   'accept-ranges': 'bytes',
20 verbose headers   date: 'Sun, 11 Mar 2018 23:56:49 GMT',
20 verbose headers   via: '1.1 varnish',
20 verbose headers   age: '6019',
20 verbose headers   connection: 'keep-alive',
20 verbose headers   'x-served-by': 'cache-ams4148-AMS',
20 verbose headers   'x-cache': 'HIT',
20 verbose headers   'x-cache-hits': '1',
20 verbose headers   'x-timer': 'S1520812609.182763,VS0,VE1',
20 verbose headers   vary: 'Accept-Encoding, Accept' }
21 silly get cb [ 200,
21 silly get   { 'content-type': 'application/json; charset=UTF-8',
21 silly get     server: 'UploadServer',
21 silly get     'cache-control': 'max-age=300',
21 silly get     'last-modified': 'Tue, 23 Jan 2018 17:24:58 GMT',
21 silly get     etag: '"5a676fea-575b"',
21 silly get     'x-npm-region': 'EU-Central',
21 silly get     'content-encoding': 'gzip',
21 silly get     'content-length': '3110',
21 silly get     'accept-ranges': 'bytes',
21 silly get     date: 'Sun, 11 Mar 2018 23:56:49 GMT',
21 silly get     via: '1.1 varnish',
21 silly get     age: '6019',
21 silly get     connection: 'keep-alive',
21 silly get     'x-served-by': 'cache-ams4148-AMS',
21 silly get     'x-cache': 'HIT',
21 silly get     'x-cache-hits': '1',
21 silly get     'x-timer': 'S1520812609.182763,VS0,VE1',
21 silly get     vary: 'Accept-Encoding, Accept' } ]
22 verbose get saving sleep to C:\Users\acer\AppData\Roaming\npm-cache\registry.npmjs.org\sleep\.cache.json
23 verbose correctMkdir C:\Users\acer\AppData\Roaming\npm-cache correctMkdir not in flight; initializing
24 silly install normalizeTree
25 silly loadCurrentTree Finishing
26 silly loadIdealTree Starting
27 silly install loadIdealTree
28 silly cloneCurrentTree Starting
29 silly install cloneCurrentTreeToIdealTree
30 silly cloneCurrentTree Finishing
31 silly loadShrinkwrap Starting
32 silly install loadShrinkwrap
33 silly loadShrinkwrap Finishing
34 silly loadAllDepsIntoIdealTree Starting
35 silly install loadAllDepsIntoIdealTree
36 silly resolveWithNewModule sleep@5.1.1 checking installable status
37 silly cache add args [ 'sleep', null ]
38 verbose cache add spec sleep
39 silly cache add parsed spec Result {
39 silly cache add   raw: 'sleep',
39 silly cache add   scope: null,
39 silly cache add   escapedName: 'sleep',
39 silly cache add   name: 'sleep',
39 silly cache add   rawSpec: '',
39 silly cache add   spec: 'latest',
39 silly cache add   type: 'tag' }
40 silly addNamed sleep@latest
41 verbose addNamed "latest" is being treated as a dist-tag for sleep
42 info addNameTag [ 'sleep', 'latest' ]
43 silly mapToRegistry name sleep
44 silly mapToRegistry using default registry
45 silly mapToRegistry registry https://registry.npmjs.org/
46 silly mapToRegistry data Result {
46 silly mapToRegistry   raw: 'sleep',
46 silly mapToRegistry   scope: null,
46 silly mapToRegistry   escapedName: 'sleep',
46 silly mapToRegistry   name: 'sleep',
46 silly mapToRegistry   rawSpec: '',
46 silly mapToRegistry   spec: 'latest',
46 silly mapToRegistry   type: 'tag' }
47 silly mapToRegistry uri https://registry.npmjs.org/sleep
48 verbose addNameTag registry:https://registry.npmjs.org/sleep not in flight; fetching
49 verbose get https://registry.npmjs.org/sleep not expired, no request
50 silly addNameTag next cb for sleep with tag latest
51 silly addNamed sleep@5.1.1
52 verbose addNamed "5.1.1" is a plain semver version for sleep
53 silly mapToRegistry name sleep
54 silly mapToRegistry using default registry
55 silly mapToRegistry registry https://registry.npmjs.org/
56 silly mapToRegistry data Result {
56 silly mapToRegistry   raw: 'sleep',
56 silly mapToRegistry   scope: null,
56 silly mapToRegistry   escapedName: 'sleep',
56 silly mapToRegistry   name: 'sleep',
56 silly mapToRegistry   rawSpec: '',
56 silly mapToRegistry   spec: 'latest',
56 silly mapToRegistry   type: 'tag' }
57 silly mapToRegistry uri https://registry.npmjs.org/sleep
58 verbose addRemoteTarball https://registry.npmjs.org/sleep/-/sleep-5.1.1.tgz not in flight; adding
59 verbose addRemoteTarball [ 'https://registry.npmjs.org/sleep/-/sleep-5.1.1.tgz',
59 verbose addRemoteTarball   '878fa1d44d08eeb0f26fb2018ef8629eb1a3ab94' ]
60 info retry fetch attempt 1 at 5:28:13 AM
61 info attempt registry request try #1 at 5:28:13 AM
62 http fetch GET https://registry.npmjs.org/sleep/-/sleep-5.1.1.tgz
63 http fetch 200 https://registry.npmjs.org/sleep/-/sleep-5.1.1.tgz
64 silly fetchAndShaCheck shasum 878fa1d44d08eeb0f26fb2018ef8629eb1a3ab94
65 verbose addTmpTarball C:\Users\acer\AppData\Local\Temp\npm-19688-810bc87d\registry.npmjs.org\sleep\-\sleep-5.1.1.tgz not in flight; adding
66 verbose addTmpTarball already have metadata; skipping unpack for sleep@5.1.1
67 verbose correctMkdir C:\Users\acer\AppData\Roaming\npm-cache correctMkdir not in flight; initializing
68 silly cache afterAdd sleep@5.1.1
69 verbose afterAdd C:\Users\acer\AppData\Roaming\npm-cache\sleep\5.1.1\package\package.json not in flight; writing
70 verbose correctMkdir C:\Users\acer\AppData\Roaming\npm-cache correctMkdir not in flight; initializing
71 verbose afterAdd C:\Users\acer\AppData\Roaming\npm-cache\sleep\5.1.1\package\package.json written
72 silly fetchNamedPackageData nan
73 silly mapToRegistry name nan
74 silly mapToRegistry using default registry
75 silly mapToRegistry registry https://registry.npmjs.org/
76 silly mapToRegistry data Result {
76 silly mapToRegistry   raw: 'nan',
76 silly mapToRegistry   scope: null,
76 silly mapToRegistry   escapedName: 'nan',
76 silly mapToRegistry   name: 'nan',
76 silly mapToRegistry   rawSpec: '',
76 silly mapToRegistry   spec: 'latest',
76 silly mapToRegistry   type: 'tag' }
77 silly mapToRegistry uri https://registry.npmjs.org/nan
78 verbose request uri https://registry.npmjs.org/nan
79 verbose request no auth needed
80 info attempt registry request try #1 at 5:28:13 AM
81 verbose etag "5a8f537a-221e5"
82 verbose lastModified Thu, 22 Feb 2018 23:34:18 GMT
83 http request GET https://registry.npmjs.org/nan
84 http 304 https://registry.npmjs.org/nan
85 verbose headers { date: 'Sun, 11 Mar 2018 23:56:50 GMT',
85 verbose headers   via: '1.1 varnish',
85 verbose headers   'cache-control': 'max-age=300',
85 verbose headers   etag: '"5a8f537a-221e5"',
85 verbose headers   age: '3190',
85 verbose headers   connection: 'keep-alive',
85 verbose headers   'x-served-by': 'cache-ams4148-AMS',
85 verbose headers   'x-cache': 'HIT',
85 verbose headers   'x-cache-hits': '6',
85 verbose headers   'x-timer': 'S1520812610.082951,VS0,VE0',
85 verbose headers   vary: 'Accept-Encoding, Accept' }
86 silly get cb [ 304,
86 silly get   { date: 'Sun, 11 Mar 2018 23:56:50 GMT',
86 silly get     via: '1.1 varnish',
86 silly get     'cache-control': 'max-age=300',
86 silly get     etag: '"5a8f537a-221e5"',
86 silly get     age: '3190',
86 silly get     connection: 'keep-alive',
86 silly get     'x-served-by': 'cache-ams4148-AMS',
86 silly get     'x-cache': 'HIT',
86 silly get     'x-cache-hits': '6',
86 silly get     'x-timer': 'S1520812610.082951,VS0,VE0',
86 silly get     vary: 'Accept-Encoding, Accept' } ]
87 verbose etag https://registry.npmjs.org/nan from cache
88 verbose get saving nan to C:\Users\acer\AppData\Roaming\npm-cache\registry.npmjs.org\nan\.cache.json
89 verbose correctMkdir C:\Users\acer\AppData\Roaming\npm-cache correctMkdir not in flight; initializing
90 silly resolveWithNewModule nan@2.9.2 checking installable status
91 silly cache add args [ 'nan@>=2.5.1', null ]
92 verbose cache add spec nan@>=2.5.1
93 silly cache add parsed spec Result {
93 silly cache add   raw: 'nan@>=2.5.1',
93 silly cache add   scope: null,
93 silly cache add   escapedName: 'nan',
93 silly cache add   name: 'nan',
93 silly cache add   rawSpec: '>=2.5.1',
93 silly cache add   spec: '>=2.5.1',
93 silly cache add   type: 'range' }
94 silly addNamed nan@>=2.5.1
95 verbose addNamed ">=2.5.1" is a valid semver range for nan
96 silly addNameRange { name: 'nan', range: '>=2.5.1', hasData: false }
97 silly mapToRegistry name nan
98 silly mapToRegistry using default registry
99 silly mapToRegistry registry https://registry.npmjs.org/
100 silly mapToRegistry data Result {
100 silly mapToRegistry   raw: 'nan',
100 silly mapToRegistry   scope: null,
100 silly mapToRegistry   escapedName: 'nan',
100 silly mapToRegistry   name: 'nan',
100 silly mapToRegistry   rawSpec: '',
100 silly mapToRegistry   spec: 'latest',
100 silly mapToRegistry   type: 'tag' }
101 silly mapToRegistry uri https://registry.npmjs.org/nan
102 verbose addNameRange registry:https://registry.npmjs.org/nan not in flight; fetching
103 verbose get https://registry.npmjs.org/nan not expired, no request
104 silly addNameRange number 2 { name: 'nan', range: '>=2.5.1', hasData: true }
105 silly addNameRange versions [ 'nan',
105 silly addNameRange   [ '0.3.0-wip',
105 silly addNameRange     '0.3.0-wip2',
105 silly addNameRange     '0.3.0',
105 silly addNameRange     '0.3.1',
105 silly addNameRange     '0.3.2',
105 silly addNameRange     '0.4.0',
105 silly addNameRange     '0.4.1',
105 silly addNameRange     '0.4.2',
105 silly addNameRange     '0.4.3',
105 silly addNameRange     '0.4.4',
105 silly addNameRange     '0.5.0',
105 silly addNameRange     '0.5.1',
105 silly addNameRange     '0.5.2',
105 silly addNameRange     '0.6.0',
105 silly addNameRange     '0.7.0',
105 silly addNameRange     '0.7.1',
105 silly addNameRange     '0.8.0',
105 silly addNameRange     '1.0.0',
105 silly addNameRange     '1.1.0',
105 silly addNameRange     '1.1.1',
105 silly addNameRange     '1.1.2',
105 silly addNameRange     '1.2.0',
105 silly addNameRange     '1.3.0',
105 silly addNameRange     '1.4.0',
105 silly addNameRange     '1.4.1',
105 silly addNameRange     '1.5.0',
105 silly addNameRange     '1.4.2',
105 silly addNameRange     '1.4.3',
105 silly addNameRange     '1.5.1',
105 silly addNameRange     '1.5.2',
105 silly addNameRange     '1.6.0',
105 silly addNameRange     '1.5.3',
105 silly addNameRange     '1.6.1',
105 silly addNameRange     '1.6.2',
105 silly addNameRange     '1.7.0',
105 silly addNameRange     '1.8.0',
105 silly addNameRange     '1.8.1',
105 silly addNameRange     '1.8.2',
105 silly addNameRange     '1.8.3',
105 silly addNameRange     '1.8.4',
105 silly addNameRange     '1.9.0',
105 silly addNameRange     '2.0.0',
105 silly addNameRange     '2.0.1',
105 silly addNameRange     '2.0.2',
105 silly addNameRange     '2.0.3',
105 silly addNameRange     '2.0.4',
105 silly addNameRange     '2.0.5',
105 silly addNameRange     '2.0.6',
105 silly addNameRange     '2.0.7',
105 silly addNameRange     '2.0.8',
105 silly addNameRange     '2.0.9',
105 silly addNameRange     '2.1.0',
105 silly addNameRange     '2.2.0',
105 silly addNameRange     '2.2.1',
105 silly addNameRange     '2.3.0',
105 silly addNameRange     '2.3.1',
105 silly addNameRange     '2.3.2',
105 silly addNameRange     '2.3.3',
105 silly addNameRange     '2.3.4',
105 silly addNameRange     '2.3.5',
105 silly addNameRange     '2.4.0',
105 silly addNameRange     '2.5.0',
105 silly addNameRange     '2.5.1',
105 silly addNameRange     '2.6.0',
105 silly addNameRange     '2.6.1',
105 silly addNameRange     '2.6.2',
105 silly addNameRange     '2.7.0',
105 silly addNameRange     '2.8.0',
105 silly addNameRange     '2.9.1',
105 silly addNameRange     '2.9.2' ] ]
106 silly addNamed nan@2.9.2
107 verbose addNamed "2.9.2" is a plain semver version for nan
108 silly cache afterAdd nan@2.9.2
109 verbose afterAdd C:\Users\acer\AppData\Roaming\npm-cache\nan\2.9.2\package\package.json not in flight; writing
110 verbose correctMkdir C:\Users\acer\AppData\Roaming\npm-cache correctMkdir not in flight; initializing
111 verbose afterAdd C:\Users\acer\AppData\Roaming\npm-cache\nan\2.9.2\package\package.json written
112 silly fetchNamedPackageData ed25519
113 silly mapToRegistry name ed25519
114 silly mapToRegistry using default registry
115 silly mapToRegistry registry https://registry.npmjs.org/
116 silly mapToRegistry data Result {
116 silly mapToRegistry   raw: 'ed25519',
116 silly mapToRegistry   scope: null,
116 silly mapToRegistry   escapedName: 'ed25519',
116 silly mapToRegistry   name: 'ed25519',
116 silly mapToRegistry   rawSpec: '',
116 silly mapToRegistry   spec: 'latest',
116 silly mapToRegistry   type: 'tag' }
117 silly mapToRegistry uri https://registry.npmjs.org/ed25519
118 verbose request uri https://registry.npmjs.org/ed25519
119 verbose request no auth needed
120 info attempt registry request try #1 at 5:28:14 AM
121 verbose etag "5a815765-151f"
122 verbose lastModified Mon, 12 Feb 2018 8:59:17 GMT
123 http request GET https://registry.npmjs.org/ed25519
124 http 304 https://registry.npmjs.org/ed25519
125 verbose headers { date: 'Sun, 11 Mar 2018 23:56:50 GMT',
125 verbose headers   via: '1.1 varnish',
125 verbose headers   'cache-control': 'max-age=300',
125 verbose headers   etag: '"5a815765-151f"',
125 verbose headers   age: '4084',
125 verbose headers   connection: 'keep-alive',
125 verbose headers   'x-served-by': 'cache-ams4148-AMS',
125 verbose headers   'x-cache': 'HIT',
125 verbose headers   'x-cache-hits': '1',
125 verbose headers   'x-timer': 'S1520812611.542502,VS0,VE1',
125 verbose headers   vary: 'Accept-Encoding, Accept' }
126 silly get cb [ 304,
126 silly get   { date: 'Sun, 11 Mar 2018 23:56:50 GMT',
126 silly get     via: '1.1 varnish',
126 silly get     'cache-control': 'max-age=300',
126 silly get     etag: '"5a815765-151f"',
126 silly get     age: '4084',
126 silly get     connection: 'keep-alive',
126 silly get     'x-served-by': 'cache-ams4148-AMS',
126 silly get     'x-cache': 'HIT',
126 silly get     'x-cache-hits': '1',
126 silly get     'x-timer': 'S1520812611.542502,VS0,VE1',
126 silly get     vary: 'Accept-Encoding, Accept' } ]
127 verbose etag https://registry.npmjs.org/ed25519 from cache
128 verbose get saving ed25519 to C:\Users\acer\AppData\Roaming\npm-cache\registry.npmjs.org\ed25519\.cache.json
129 verbose correctMkdir C:\Users\acer\AppData\Roaming\npm-cache correctMkdir not in flight; initializing
130 silly resolveWithNewModule ed25519@0.0.4 checking installable status
131 silly cache add args [ 'ed25519@0.0.4', null ]
132 verbose cache add spec ed25519@0.0.4
133 silly cache add parsed spec Result {
133 silly cache add   raw: 'ed25519@0.0.4',
133 silly cache add   scope: null,
133 silly cache add   escapedName: 'ed25519',
133 silly cache add   name: 'ed25519',
133 silly cache add   rawSpec: '0.0.4',
133 silly cache add   spec: '0.0.4',
133 silly cache add   type: 'version' }
134 silly addNamed ed25519@0.0.4
135 verbose addNamed "0.0.4" is a plain semver version for ed25519
136 silly mapToRegistry name ed25519
137 silly mapToRegistry using default registry
138 silly mapToRegistry registry https://registry.npmjs.org/
139 silly mapToRegistry data Result {
139 silly mapToRegistry   raw: 'ed25519',
139 silly mapToRegistry   scope: null,
139 silly mapToRegistry   escapedName: 'ed25519',
139 silly mapToRegistry   name: 'ed25519',
139 silly mapToRegistry   rawSpec: '',
139 silly mapToRegistry   spec: 'latest',
139 silly mapToRegistry   type: 'tag' }
140 silly mapToRegistry uri https://registry.npmjs.org/ed25519
141 verbose addNameVersion registry:https://registry.npmjs.org/ed25519 not in flight; fetching
142 verbose get https://registry.npmjs.org/ed25519 not expired, no request
143 silly cache afterAdd ed25519@0.0.4
144 verbose afterAdd C:\Users\acer\AppData\Roaming\npm-cache\ed25519\0.0.4\package\package.json not in flight; writing
145 verbose correctMkdir C:\Users\acer\AppData\Roaming\npm-cache correctMkdir not in flight; initializing
146 verbose afterAdd C:\Users\acer\AppData\Roaming\npm-cache\ed25519\0.0.4\package\package.json written
147 silly fetchNamedPackageData bindings
148 silly mapToRegistry name bindings
149 silly mapToRegistry using default registry
150 silly mapToRegistry registry https://registry.npmjs.org/
151 silly mapToRegistry data Result {
151 silly mapToRegistry   raw: 'bindings',
151 silly mapToRegistry   scope: null,
151 silly mapToRegistry   escapedName: 'bindings',
151 silly mapToRegistry   name: 'bindings',
151 silly mapToRegistry   rawSpec: '',
151 silly mapToRegistry   spec: 'latest',
151 silly mapToRegistry   type: 'tag' }
152 silly mapToRegistry uri https://registry.npmjs.org/bindings
153 verbose request uri https://registry.npmjs.org/bindings
154 verbose request no auth needed
155 info attempt registry request try #1 at 5:28:14 AM
156 verbose etag "5a700cb7-4c53"
157 verbose lastModified Tue, 30 Jan 2018 6:12:07 GMT
158 http request GET https://registry.npmjs.org/bindings
159 http 304 https://registry.npmjs.org/bindings
160 verbose headers { date: 'Sun, 11 Mar 2018 23:56:50 GMT',
160 verbose headers   via: '1.1 varnish',
160 verbose headers   'cache-control': 'max-age=300',
160 verbose headers   etag: '"5a700cb7-4c53"',
160 verbose headers   age: '8742',
160 verbose headers   connection: 'keep-alive',
160 verbose headers   'x-served-by': 'cache-ams4148-AMS',
160 verbose headers   'x-cache': 'HIT',
160 verbose headers   'x-cache-hits': '4',
160 verbose headers   'x-timer': 'S1520812611.897878,VS0,VE0',
160 verbose headers   vary: 'Accept-Encoding, Accept' }
161 silly get cb [ 304,
161 silly get   { date: 'Sun, 11 Mar 2018 23:56:50 GMT',
161 silly get     via: '1.1 varnish',
161 silly get     'cache-control': 'max-age=300',
161 silly get     etag: '"5a700cb7-4c53"',
161 silly get     age: '8742',
161 silly get     connection: 'keep-alive',
161 silly get     'x-served-by': 'cache-ams4148-AMS',
161 silly get     'x-cache': 'HIT',
161 silly get     'x-cache-hits': '4',
161 silly get     'x-timer': 'S1520812611.897878,VS0,VE0',
161 silly get     vary: 'Accept-Encoding, Accept' } ]
162 verbose etag https://registry.npmjs.org/bindings from cache
163 verbose get saving bindings to C:\Users\acer\AppData\Roaming\npm-cache\registry.npmjs.org\bindings\.cache.json
164 verbose correctMkdir C:\Users\acer\AppData\Roaming\npm-cache correctMkdir not in flight; initializing
165 silly resolveWithNewModule bindings@1.3.0 checking installable status
166 silly cache add args [ 'bindings@^1.2.1', null ]
167 verbose cache add spec bindings@^1.2.1
168 silly cache add parsed spec Result {
168 silly cache add   raw: 'bindings@^1.2.1',
168 silly cache add   scope: null,
168 silly cache add   escapedName: 'bindings',
168 silly cache add   name: 'bindings',
168 silly cache add   rawSpec: '^1.2.1',
168 silly cache add   spec: '>=1.2.1 <2.0.0',
168 silly cache add   type: 'range' }
169 silly addNamed bindings@>=1.2.1 <2.0.0
170 verbose addNamed ">=1.2.1 <2.0.0" is a valid semver range for bindings
171 silly addNameRange { name: 'bindings', range: '>=1.2.1 <2.0.0', hasData: false }
172 silly mapToRegistry name bindings
173 silly mapToRegistry using default registry
174 silly mapToRegistry registry https://registry.npmjs.org/
175 silly mapToRegistry data Result {
175 silly mapToRegistry   raw: 'bindings',
175 silly mapToRegistry   scope: null,
175 silly mapToRegistry   escapedName: 'bindings',
175 silly mapToRegistry   name: 'bindings',
175 silly mapToRegistry   rawSpec: '',
175 silly mapToRegistry   spec: 'latest',
175 silly mapToRegistry   type: 'tag' }
176 silly mapToRegistry uri https://registry.npmjs.org/bindings
177 verbose addNameRange registry:https://registry.npmjs.org/bindings not in flight; fetching
178 verbose get https://registry.npmjs.org/bindings not expired, no request
179 silly addNameRange number 2 { name: 'bindings', range: '>=1.2.1 <2.0.0', hasData: true }
180 silly addNameRange versions [ 'bindings',
180 silly addNameRange   [ '0.0.1',
180 silly addNameRange     '0.1.0',
180 silly addNameRange     '0.1.1',
180 silly addNameRange     '0.2.0',
180 silly addNameRange     '0.2.1',
180 silly addNameRange     '0.2.2',
180 silly addNameRange     '0.2.3',
180 silly addNameRange     '0.2.4',
180 silly addNameRange     '0.3.0',
180 silly addNameRange     '0.4.0',
180 silly addNameRange     '1.0.0',
180 silly addNameRange     '1.1.0',
180 silly addNameRange     '1.1.1',
180 silly addNameRange     '1.2.0',
180 silly addNameRange     '1.2.1',
180 silly addNameRange     '1.3.0' ] ]
181 silly addNamed bindings@1.3.0
182 verbose addNamed "1.3.0" is a plain semver version for bindings
183 silly cache afterAdd bindings@1.3.0
184 verbose afterAdd C:\Users\acer\AppData\Roaming\npm-cache\bindings\1.3.0\package\package.json not in flight; writing
185 verbose correctMkdir C:\Users\acer\AppData\Roaming\npm-cache correctMkdir not in flight; initializing
186 verbose afterAdd C:\Users\acer\AppData\Roaming\npm-cache\bindings\1.3.0\package\package.json written
187 silly loadAllDepsIntoIdealTree Finishing
188 silly loadIdealTree Finishing
189 silly currentTree epionebackend@1.0.0
189 silly currentTree +-- accepts@1.3.5
189 silly currentTree +-- array-flatten@1.1.1
189 silly currentTree +-- asn1.js@4.10.1
189 silly currentTree +-- async-limiter@1.0.0
189 silly currentTree +-- async@2.1.4
189 silly currentTree +-- axios@0.18.0
189 silly currentTree +-- babel-runtime@6.26.0
189 silly currentTree +-- base-x@3.0.4
189 silly currentTree +-- base64-js@1.2.3
189 silly currentTree +-- bcryptjs@2.4.3
189 silly currentTree +-- bigchaindb-driver@3.2.0
189 silly currentTree +-- bip39@2.5.0
189 silly currentTree +-- bluebird@3.5.0
189 silly currentTree +-- bn.js@4.11.8
189 silly currentTree +-- body-parser@1.18.2
189 silly currentTree | `-- debug@2.6.9
189 silly currentTree +-- browser-locale@1.0.3
189 silly currentTree +-- browser-resolve@1.11.2
189 silly currentTree +-- bs58@4.0.1
189 silly currentTree +-- bson@1.0.5
189 silly currentTree +-- buffer@5.1.0
189 silly currentTree +-- bytes@3.0.0
189 silly currentTree +-- camelcase@3.0.0
189 silly currentTree +-- cipher-base@1.0.4
189 silly currentTree +-- clone@2.1.1
189 silly currentTree +-- content-disposition@0.5.2
189 silly currentTree +-- content-type@1.0.4
189 silly currentTree +-- cookie-signature@1.0.6
189 silly currentTree +-- cookie@0.3.1
189 silly currentTree +-- core-js@2.5.3
189 silly currentTree +-- create-hash@1.1.3
189 silly currentTree +-- create-hmac@1.1.6
189 silly currentTree +-- crypto-conditions@2.0.1
189 silly currentTree +-- debug@3.1.0
189 silly currentTree +-- decamelize@1.2.0
189 silly currentTree +-- decode-uri-component@0.2.0
189 silly currentTree +-- depd@1.1.2
189 silly currentTree +-- destroy@1.0.4
189 silly currentTree +-- ee-first@1.1.1
189 silly currentTree +-- encodeurl@1.0.2
189 silly currentTree +-- encoding@0.1.12
189 silly currentTree +-- es6-promise@4.2.4
189 silly currentTree +-- escape-html@1.0.3
189 silly currentTree +-- etag@1.8.1
189 silly currentTree +-- express@4.16.2
189 silly currentTree | `-- debug@2.6.9
189 silly currentTree +-- fetch-ponyfill@4.1.0
189 silly currentTree +-- finalhandler@1.1.0
189 silly currentTree | `-- debug@2.6.9
189 silly currentTree +-- follow-redirects@1.4.1
189 silly currentTree +-- forwarded@0.1.2
189 silly currentTree +-- fresh@0.5.2
189 silly currentTree +-- hash-base@2.0.2
189 silly currentTree +-- http-errors@1.6.2
189 silly currentTree | +-- depd@1.1.1
189 silly currentTree | `-- setprototypeof@1.0.3
189 silly currentTree +-- iconv-lite@0.4.19
189 silly currentTree +-- ieee754@1.1.8
189 silly currentTree +-- inherits@2.0.3
189 silly currentTree +-- ipaddr.js@1.6.0
189 silly currentTree +-- is-buffer@1.1.6
189 silly currentTree +-- is-stream@1.1.0
189 silly currentTree +-- isomorphic-fetch@2.2.1
189 silly currentTree +-- js-cookie@2.2.0
189 silly currentTree +-- js-sha3@0.6.1
189 silly currentTree +-- js-utility-belt@1.5.0
189 silly currentTree | +-- es6-promise@3.3.1
189 silly currentTree | +-- fetch-ponyfill@1.0.0
189 silly currentTree | +-- node-fetch@1.5.1
189 silly currentTree | `-- query-string@4.3.4
189 silly currentTree +-- json-stable-stringify@1.0.1
189 silly currentTree +-- jsonify@0.0.0
189 silly currentTree +-- kareem@2.0.5
189 silly currentTree +-- lodash.get@4.4.2
189 silly currentTree +-- lodash@4.17.5
189 silly currentTree +-- media-typer@0.3.0
189 silly currentTree +-- merge-descriptors@1.0.1
189 silly currentTree +-- methods@1.1.2
189 silly currentTree +-- mime-db@1.33.0
189 silly currentTree +-- mime-types@2.1.18
189 silly currentTree +-- mime@1.4.1
189 silly currentTree +-- minimalistic-assert@1.0.0
189 silly currentTree +-- mongodb-core@3.0.4
189 silly currentTree +-- mongodb@3.0.4
189 silly currentTree +-- mongoose-legacy-pluralize@1.0.2
189 silly currentTree +-- mongoose@5.0.9
189 silly currentTree +-- mpath@0.3.0
189 silly currentTree +-- mquery@3.0.0
189 silly currentTree | +-- debug@2.6.9
189 silly currentTree | `-- sliced@0.0.5
189 silly currentTree +-- ms@2.0.0
189 silly currentTree +-- negotiator@0.6.1
189 silly currentTree +-- node-fetch@1.7.3
189 silly currentTree +-- object-assign@4.1.1
189 silly currentTree +-- on-finished@2.3.0
189 silly currentTree +-- parseurl@1.3.2
189 silly currentTree +-- path-to-regexp@0.1.7
189 silly currentTree +-- pbkdf2@3.0.14
189 silly currentTree +-- proxy-addr@2.0.3
189 silly currentTree +-- qs@6.5.1
189 silly currentTree +-- query-string@5.1.0
189 silly currentTree +-- randombytes@2.0.6
189 silly currentTree +-- range-parser@1.2.0
189 silly currentTree +-- raw-body@2.3.2
189 silly currentTree +-- regenerator-runtime@0.11.1
189 silly currentTree +-- regexp-clone@0.0.1
189 silly currentTree +-- require_optional@1.0.1
189 silly currentTree +-- resolve-from@2.0.0
189 silly currentTree +-- resolve@1.1.7
189 silly currentTree +-- ripemd160@2.0.1
189 silly currentTree +-- safe-buffer@5.1.1
189 silly currentTree +-- semver@5.5.0
189 silly currentTree +-- send@0.16.1
189 silly currentTree | `-- debug@2.6.9
189 silly currentTree +-- serve-static@1.13.1
189 silly currentTree +-- setprototypeof@1.1.0
189 silly currentTree +-- sha.js@2.4.10
189 silly currentTree +-- shallow-equals@0.0.0
189 silly currentTree +-- sliced@1.0.1
189 silly currentTree +-- spark-md5@2.0.2
189 silly currentTree +-- sprintf-js@1.1.1
189 silly currentTree +-- statuses@1.3.1
189 silly currentTree +-- strict-uri-encode@1.1.0
189 silly currentTree +-- tweetnacl@1.0.0
189 silly currentTree +-- type-is@1.6.16
189 silly currentTree +-- unorm@1.4.1
189 silly currentTree +-- unpipe@1.0.0
189 silly currentTree +-- utils-merge@1.0.1
189 silly currentTree +-- validator@9.4.1
189 silly currentTree +-- vary@1.1.2
189 silly currentTree +-- whatwg-fetch@2.0.3
189 silly currentTree `-- ws@5.0.0
190 silly idealTree epionebackend@1.0.0
190 silly idealTree +-- accepts@1.3.5
190 silly idealTree +-- array-flatten@1.1.1
190 silly idealTree +-- asn1.js@4.10.1
190 silly idealTree +-- async-limiter@1.0.0
190 silly idealTree +-- async@2.1.4
190 silly idealTree +-- axios@0.18.0
190 silly idealTree +-- babel-runtime@6.26.0
190 silly idealTree +-- base-x@3.0.4
190 silly idealTree +-- base64-js@1.2.3
190 silly idealTree +-- bcryptjs@2.4.3
190 silly idealTree +-- bigchaindb-driver@3.2.0
190 silly idealTree +-- bindings@1.3.0
190 silly idealTree +-- bip39@2.5.0
190 silly idealTree +-- bluebird@3.5.0
190 silly idealTree +-- bn.js@4.11.8
190 silly idealTree +-- body-parser@1.18.2
190 silly idealTree | `-- debug@2.6.9
190 silly idealTree +-- browser-locale@1.0.3
190 silly idealTree +-- browser-resolve@1.11.2
190 silly idealTree +-- bs58@4.0.1
190 silly idealTree +-- bson@1.0.5
190 silly idealTree +-- buffer@5.1.0
190 silly idealTree +-- bytes@3.0.0
190 silly idealTree +-- camelcase@3.0.0
190 silly idealTree +-- cipher-base@1.0.4
190 silly idealTree +-- clone@2.1.1
190 silly idealTree +-- content-disposition@0.5.2
190 silly idealTree +-- content-type@1.0.4
190 silly idealTree +-- cookie-signature@1.0.6
190 silly idealTree +-- cookie@0.3.1
190 silly idealTree +-- core-js@2.5.3
190 silly idealTree +-- create-hash@1.1.3
190 silly idealTree +-- create-hmac@1.1.6
190 silly idealTree +-- crypto-conditions@2.0.1
190 silly idealTree +-- debug@3.1.0
190 silly idealTree +-- decamelize@1.2.0
190 silly idealTree +-- decode-uri-component@0.2.0
190 silly idealTree +-- depd@1.1.2
190 silly idealTree +-- destroy@1.0.4
190 silly idealTree +-- ed25519@0.0.4
190 silly idealTree +-- ee-first@1.1.1
190 silly idealTree +-- encodeurl@1.0.2
190 silly idealTree +-- encoding@0.1.12
190 silly idealTree +-- es6-promise@4.2.4
190 silly idealTree +-- escape-html@1.0.3
190 silly idealTree +-- etag@1.8.1
190 silly idealTree +-- express@4.16.2
190 silly idealTree | `-- debug@2.6.9
190 silly idealTree +-- fetch-ponyfill@4.1.0
190 silly idealTree +-- finalhandler@1.1.0
190 silly idealTree | `-- debug@2.6.9
190 silly idealTree +-- follow-redirects@1.4.1
190 silly idealTree +-- forwarded@0.1.2
190 silly idealTree +-- fresh@0.5.2
190 silly idealTree +-- hash-base@2.0.2
190 silly idealTree +-- http-errors@1.6.2
190 silly idealTree | +-- depd@1.1.1
190 silly idealTree | `-- setprototypeof@1.0.3
190 silly idealTree +-- iconv-lite@0.4.19
190 silly idealTree +-- ieee754@1.1.8
190 silly idealTree +-- inherits@2.0.3
190 silly idealTree +-- ipaddr.js@1.6.0
190 silly idealTree +-- is-buffer@1.1.6
190 silly idealTree +-- is-stream@1.1.0
190 silly idealTree +-- isomorphic-fetch@2.2.1
190 silly idealTree +-- js-cookie@2.2.0
190 silly idealTree +-- js-sha3@0.6.1
190 silly idealTree +-- js-utility-belt@1.5.0
190 silly idealTree | +-- es6-promise@3.3.1
190 silly idealTree | +-- fetch-ponyfill@1.0.0
190 silly idealTree | +-- node-fetch@1.5.1
190 silly idealTree | `-- query-string@4.3.4
190 silly idealTree +-- json-stable-stringify@1.0.1
190 silly idealTree +-- jsonify@0.0.0
190 silly idealTree +-- kareem@2.0.5
190 silly idealTree +-- lodash.get@4.4.2
190 silly idealTree +-- lodash@4.17.5
190 silly idealTree +-- media-typer@0.3.0
190 silly idealTree +-- merge-descriptors@1.0.1
190 silly idealTree +-- methods@1.1.2
190 silly idealTree +-- mime-db@1.33.0
190 silly idealTree +-- mime-types@2.1.18
190 silly idealTree +-- mime@1.4.1
190 silly idealTree +-- minimalistic-assert@1.0.0
190 silly idealTree +-- mongodb-core@3.0.4
190 silly idealTree +-- mongodb@3.0.4
190 silly idealTree +-- mongoose-legacy-pluralize@1.0.2
190 silly idealTree +-- mongoose@5.0.9
190 silly idealTree +-- mpath@0.3.0
190 silly idealTree +-- mquery@3.0.0
190 silly idealTree | +-- debug@2.6.9
190 silly idealTree | `-- sliced@0.0.5
190 silly idealTree +-- ms@2.0.0
190 silly idealTree +-- nan@2.9.2
190 silly idealTree +-- negotiator@0.6.1
190 silly idealTree +-- node-fetch@1.7.3
190 silly idealTree +-- object-assign@4.1.1
190 silly idealTree +-- on-finished@2.3.0
190 silly idealTree +-- parseurl@1.3.2
190 silly idealTree +-- path-to-regexp@0.1.7
190 silly idealTree +-- pbkdf2@3.0.14
190 silly idealTree +-- proxy-addr@2.0.3
190 silly idealTree +-- qs@6.5.1
190 silly idealTree +-- query-string@5.1.0
190 silly idealTree +-- randombytes@2.0.6
190 silly idealTree +-- range-parser@1.2.0
190 silly idealTree +-- raw-body@2.3.2
190 silly idealTree +-- regenerator-runtime@0.11.1
190 silly idealTree +-- regexp-clone@0.0.1
190 silly idealTree +-- require_optional@1.0.1
190 silly idealTree +-- resolve-from@2.0.0
190 silly idealTree +-- resolve@1.1.7
190 silly idealTree +-- ripemd160@2.0.1
190 silly idealTree +-- safe-buffer@5.1.1
190 silly idealTree +-- semver@5.5.0
190 silly idealTree +-- send@0.16.1
190 silly idealTree | `-- debug@2.6.9
190 silly idealTree +-- serve-static@1.13.1
190 silly idealTree +-- setprototypeof@1.1.0
190 silly idealTree +-- sha.js@2.4.10
190 silly idealTree +-- shallow-equals@0.0.0
190 silly idealTree +-- sleep@5.1.1
190 silly idealTree +-- sliced@1.0.1
190 silly idealTree +-- spark-md5@2.0.2
190 silly idealTree +-- sprintf-js@1.1.1
190 silly idealTree +-- statuses@1.3.1
190 silly idealTree +-- strict-uri-encode@1.1.0
190 silly idealTree +-- tweetnacl@1.0.0
190 silly idealTree +-- type-is@1.6.16
190 silly idealTree +-- unorm@1.4.1
190 silly idealTree +-- unpipe@1.0.0
190 silly idealTree +-- utils-merge@1.0.1
190 silly idealTree +-- validator@9.4.1
190 silly idealTree +-- vary@1.1.2
190 silly idealTree +-- whatwg-fetch@2.0.3
190 silly idealTree `-- ws@5.0.0
191 silly generateActionsToTake Starting
192 silly install generateActionsToTake
193 silly generateActionsToTake Finishing
194 silly diffTrees action count 4
195 silly diffTrees add bindings@1.3.0
196 silly diffTrees add nan@2.9.2
197 silly diffTrees add ed25519@0.0.4
198 silly diffTrees add sleep@5.1.1
199 silly decomposeActions action count 32
200 silly decomposeActions fetch bindings@1.3.0
201 silly decomposeActions extract bindings@1.3.0
202 silly decomposeActions test bindings@1.3.0
203 silly decomposeActions preinstall bindings@1.3.0
204 silly decomposeActions build bindings@1.3.0
205 silly decomposeActions install bindings@1.3.0
206 silly decomposeActions postinstall bindings@1.3.0
207 silly decomposeActions finalize bindings@1.3.0
208 silly decomposeActions fetch nan@2.9.2
209 silly decomposeActions extract nan@2.9.2
210 silly decomposeActions test nan@2.9.2
211 silly decomposeActions preinstall nan@2.9.2
212 silly decomposeActions build nan@2.9.2
213 silly decomposeActions install nan@2.9.2
214 silly decomposeActions postinstall nan@2.9.2
215 silly decomposeActions finalize nan@2.9.2
216 silly decomposeActions fetch ed25519@0.0.4
217 silly decomposeActions extract ed25519@0.0.4
218 silly decomposeActions test ed25519@0.0.4
219 silly decomposeActions preinstall ed25519@0.0.4
220 silly decomposeActions build ed25519@0.0.4
221 silly decomposeActions install ed25519@0.0.4
222 silly decomposeActions postinstall ed25519@0.0.4
223 silly decomposeActions finalize ed25519@0.0.4
224 silly decomposeActions fetch sleep@5.1.1
225 silly decomposeActions extract sleep@5.1.1
226 silly decomposeActions test sleep@5.1.1
227 silly decomposeActions preinstall sleep@5.1.1
228 silly decomposeActions build sleep@5.1.1
229 silly decomposeActions install sleep@5.1.1
230 silly decomposeActions postinstall sleep@5.1.1
231 silly decomposeActions finalize sleep@5.1.1
232 silly runTopLevelLifecycles Starting
233 silly executeActions Starting
234 silly install executeActions
235 silly doSerial global-install 0
236 silly doParallel fetch 4
237 verbose correctMkdir C:\Users\acer\AppData\Roaming\npm-cache\_locks correctMkdir not in flight; initializing
238 verbose lock using C:\Users\acer\AppData\Roaming\npm-cache\_locks\staging-85642fb98138858f.lock for D:\Work\Projects\Other\Web-Dev\Epione - C2C\EpioneBackend\node_modules\.staging
239 silly doParallel extract 4
240 silly extract bindings@1.3.0
241 silly extract nan@2.9.2
242 silly extract ed25519@0.0.4
243 silly extract sleep@5.1.1
244 verbose unbuild node_modules\.staging\nan-2e64132b
245 verbose unbuild node_modules\.staging\sleep-66c06560
246 verbose unbuild node_modules\.staging\ed25519-0130a380
247 verbose unbuild node_modules\.staging\bindings-55dfaa01
248 silly gentlyRm D:\Work\Projects\Other\Web-Dev\Epione - C2C\EpioneBackend\node_modules\.staging\nan-2e64132b is being purged from base D:\Work\Projects\Other\Web-Dev\Epione - C2C\EpioneBackend
249 verbose gentlyRm don't care about contents; nuking D:\Work\Projects\Other\Web-Dev\Epione - C2C\EpioneBackend\node_modules\.staging\nan-2e64132b
250 silly gentlyRm D:\Work\Projects\Other\Web-Dev\Epione - C2C\EpioneBackend\node_modules\.staging\sleep-66c06560 is being purged from base D:\Work\Projects\Other\Web-Dev\Epione - C2C\EpioneBackend
251 verbose gentlyRm don't care about contents; nuking D:\Work\Projects\Other\Web-Dev\Epione - C2C\EpioneBackend\node_modules\.staging\sleep-66c06560
252 silly gentlyRm D:\Work\Projects\Other\Web-Dev\Epione - C2C\EpioneBackend\node_modules\.staging\bindings-55dfaa01 is being purged from base D:\Work\Projects\Other\Web-Dev\Epione - C2C\EpioneBackend
253 verbose gentlyRm don't care about contents; nuking D:\Work\Projects\Other\Web-Dev\Epione - C2C\EpioneBackend\node_modules\.staging\bindings-55dfaa01
254 silly gentlyRm D:\Work\Projects\Other\Web-Dev\Epione - C2C\EpioneBackend\node_modules\.staging\ed25519-0130a380 is being purged from base D:\Work\Projects\Other\Web-Dev\Epione - C2C\EpioneBackend
255 verbose gentlyRm don't care about contents; nuking D:\Work\Projects\Other\Web-Dev\Epione - C2C\EpioneBackend\node_modules\.staging\ed25519-0130a380
256 verbose tar unpack C:\Users\acer\AppData\Roaming\npm-cache\nan\2.9.2\package.tgz
257 verbose tar unpacking to D:\Work\Projects\Other\Web-Dev\Epione - C2C\EpioneBackend\node_modules\.staging\nan-2e64132b
258 silly gentlyRm D:\Work\Projects\Other\Web-Dev\Epione - C2C\EpioneBackend\node_modules\.staging\nan-2e64132b is being purged
259 verbose gentlyRm don't care about contents; nuking D:\Work\Projects\Other\Web-Dev\Epione - C2C\EpioneBackend\node_modules\.staging\nan-2e64132b
260 verbose tar unpack C:\Users\acer\AppData\Roaming\npm-cache\sleep\5.1.1\package.tgz
261 verbose tar unpacking to D:\Work\Projects\Other\Web-Dev\Epione - C2C\EpioneBackend\node_modules\.staging\sleep-66c06560
262 silly gentlyRm D:\Work\Projects\Other\Web-Dev\Epione - C2C\EpioneBackend\node_modules\.staging\sleep-66c06560 is being purged
263 verbose gentlyRm don't care about contents; nuking D:\Work\Projects\Other\Web-Dev\Epione - C2C\EpioneBackend\node_modules\.staging\sleep-66c06560
264 verbose tar unpack C:\Users\acer\AppData\Roaming\npm-cache\bindings\1.3.0\package.tgz
265 verbose tar unpacking to D:\Work\Projects\Other\Web-Dev\Epione - C2C\EpioneBackend\node_modules\.staging\bindings-55dfaa01
266 silly gentlyRm D:\Work\Projects\Other\Web-Dev\Epione - C2C\EpioneBackend\node_modules\.staging\bindings-55dfaa01 is being purged
267 verbose gentlyRm don't care about contents; nuking D:\Work\Projects\Other\Web-Dev\Epione - C2C\EpioneBackend\node_modules\.staging\bindings-55dfaa01
268 verbose tar unpack C:\Users\acer\AppData\Roaming\npm-cache\ed25519\0.0.4\package.tgz
269 verbose tar unpacking to D:\Work\Projects\Other\Web-Dev\Epione - C2C\EpioneBackend\node_modules\.staging\ed25519-0130a380
270 silly gentlyRm D:\Work\Projects\Other\Web-Dev\Epione - C2C\EpioneBackend\node_modules\.staging\ed25519-0130a380 is being purged
271 verbose gentlyRm don't care about contents; nuking D:\Work\Projects\Other\Web-Dev\Epione - C2C\EpioneBackend\node_modules\.staging\ed25519-0130a380
272 silly gunzTarPerm modes [ '777', '666' ]
273 silly gunzTarPerm modes [ '777', '666' ]
274 silly gunzTarPerm modes [ '777', '666' ]
275 silly gunzTarPerm modes [ '777', '666' ]
276 silly gunzTarPerm extractEntry package.json
277 silly gunzTarPerm modified mode [ 'package.json', 436, 438 ]
278 silly gunzTarPerm extractEntry package.json
279 silly gunzTarPerm modified mode [ 'package.json', 436, 438 ]
280 silly gunzTarPerm extractEntry package.json
281 silly gunzTarPerm modified mode [ 'package.json', 420, 438 ]
282 silly gunzTarPerm extractEntry package.json
283 silly gunzTarPerm modified mode [ 'package.json', 420, 438 ]
284 silly gunzTarPerm extractEntry CHANGELOG.md
285 silly gunzTarPerm modified mode [ 'CHANGELOG.md', 436, 438 ]
286 silly gunzTarPerm extractEntry include_dirs.js
287 silly gunzTarPerm modified mode [ 'include_dirs.js', 436, 438 ]
288 silly gunzTarPerm extractEntry .npmignore
289 silly gunzTarPerm modified mode [ '.npmignore', 436, 438 ]
290 silly gunzTarPerm extractEntry README.md
291 silly gunzTarPerm modified mode [ 'README.md', 436, 438 ]
292 silly gunzTarPerm extractEntry .npmignore
293 silly gunzTarPerm modified mode [ '.npmignore', 420, 438 ]
294 silly gunzTarPerm extractEntry README.md
295 silly gunzTarPerm modified mode [ 'README.md', 420, 438 ]
296 silly gunzTarPerm extractEntry README.md
297 silly gunzTarPerm modified mode [ 'README.md', 420, 438 ]
298 silly gunzTarPerm extractEntry bindings.js
299 silly gunzTarPerm modified mode [ 'bindings.js', 420, 438 ]
300 silly gunzTarPerm extractEntry test.js
301 silly gunzTarPerm modified mode [ 'test.js', 436, 438 ]
302 silly gunzTarPerm extractEntry index.js
303 silly gunzTarPerm modified mode [ 'index.js', 436, 438 ]
304 silly gunzTarPerm extractEntry LICENSE
305 silly gunzTarPerm modified mode [ 'LICENSE', 420, 438 ]
306 silly gunzTarPerm extractEntry example.js
307 silly gunzTarPerm modified mode [ 'example.js', 420, 438 ]
308 silly gunzTarPerm extractEntry LICENSE.md
309 silly gunzTarPerm modified mode [ 'LICENSE.md', 436, 438 ]
310 silly gunzTarPerm extractEntry nan_callbacks_12_inl.h
311 silly gunzTarPerm modified mode [ 'nan_callbacks_12_inl.h', 436, 438 ]
312 silly gunzTarPerm extractEntry nan_callbacks_pre_12_inl.h
313 silly gunzTarPerm modified mode [ 'nan_callbacks_pre_12_inl.h', 436, 438 ]
314 silly gunzTarPerm extractEntry nan_callbacks.h
315 silly gunzTarPerm modified mode [ 'nan_callbacks.h', 436, 438 ]
316 silly gunzTarPerm extractEntry LICENSE.txt
317 silly gunzTarPerm modified mode [ 'LICENSE.txt', 436, 438 ]
318 silly gunzTarPerm extractEntry sleep.cc
319 silly gunzTarPerm modified mode [ 'sleep.cc', 436, 438 ]
320 silly gunzTarPerm extractEntry index.js
321 silly gunzTarPerm modified mode [ 'index.js', 420, 438 ]
322 silly gunzTarPerm extractEntry binding.gyp
323 silly gunzTarPerm modified mode [ 'binding.gyp', 420, 438 ]
324 silly gunzTarPerm extractEntry nan_converters_43_inl.h
325 silly gunzTarPerm modified mode [ 'nan_converters_43_inl.h', 436, 438 ]
326 silly gunzTarPerm extractEntry nan_converters_pre_43_inl.h
327 silly gunzTarPerm modified mode [ 'nan_converters_pre_43_inl.h', 436, 438 ]
328 silly gunzTarPerm extractEntry binding.gyp
329 silly gunzTarPerm modified mode [ 'binding.gyp', 436, 438 ]
330 silly gunzTarPerm extractEntry src/ed25519/ge_add.h
331 silly gunzTarPerm modified mode [ 'src/ed25519/ge_add.h', 420, 438 ]
332 silly gunzTarPerm extractEntry src/ed25519/api.h
333 silly gunzTarPerm modified mode [ 'src/ed25519/api.h', 420, 438 ]
334 silly gunzTarPerm extractEntry src/ed25519/base2.h
335 silly gunzTarPerm modified mode [ 'src/ed25519/base2.h', 420, 438 ]
336 silly gunzTarPerm extractEntry src/ed25519/crypto_int32.h
337 silly gunzTarPerm modified mode [ 'src/ed25519/crypto_int32.h', 420, 438 ]
338 silly gunzTarPerm extractEntry src/ed25519/crypto_int64.h
339 silly gunzTarPerm modified mode [ 'src/ed25519/crypto_int64.h', 420, 438 ]
340 silly gunzTarPerm extractEntry src/ed25519/crypto_uint32.h
341 silly gunzTarPerm modified mode [ 'src/ed25519/crypto_uint32.h', 420, 438 ]
342 silly gunzTarPerm extractEntry src/ed25519/crypto_uint64.h
343 silly gunzTarPerm modified mode [ 'src/ed25519/crypto_uint64.h', 420, 438 ]
344 silly gunzTarPerm extractEntry src/ed25519/crypto_verify_32.c
345 silly gunzTarPerm modified mode [ 'src/ed25519/crypto_verify_32.c', 420, 438 ]
346 silly gunzTarPerm extractEntry src/ed25519/crypto_verify_32.h
347 silly gunzTarPerm modified mode [ 'src/ed25519/crypto_verify_32.h', 420, 438 ]
348 silly gunzTarPerm extractEntry src/ed25519/d.h
349 silly gunzTarPerm modified mode [ 'src/ed25519/d.h', 420, 438 ]
350 silly gunzTarPerm extractEntry src/ed25519/d2.h
351 silly gunzTarPerm modified mode [ 'src/ed25519/d2.h', 420, 438 ]
352 silly gunzTarPerm extractEntry src/ed25519/ed25519.h
353 silly gunzTarPerm modified mode [ 'src/ed25519/ed25519.h', 420, 438 ]
354 silly gunzTarPerm extractEntry src/ed25519/fe.h
355 silly gunzTarPerm modified mode [ 'src/ed25519/fe.h', 420, 438 ]
356 silly gunzTarPerm extractEntry src/ed25519/fe_0.c
357 silly gunzTarPerm modified mode [ 'src/ed25519/fe_0.c', 420, 438 ]
358 silly gunzTarPerm extractEntry src/ed25519/fe_1.c
359 silly gunzTarPerm modified mode [ 'src/ed25519/fe_1.c', 420, 438 ]
360 silly gunzTarPerm extractEntry src/ed25519/fe_add.c
361 silly gunzTarPerm modified mode [ 'src/ed25519/fe_add.c', 420, 438 ]
362 silly gunzTarPerm extractEntry src/ed25519/fe_cmov.c
363 silly gunzTarPerm modified mode [ 'src/ed25519/fe_cmov.c', 420, 438 ]
364 silly gunzTarPerm extractEntry src/ed25519/fe_copy.c
365 silly gunzTarPerm modified mode [ 'src/ed25519/fe_copy.c', 420, 438 ]
366 silly gunzTarPerm extractEntry src/ed25519/fe_frombytes.c
367 silly gunzTarPerm modified mode [ 'src/ed25519/fe_frombytes.c', 420, 438 ]
368 silly gunzTarPerm extractEntry src/ed25519/fe_invert.c
369 silly gunzTarPerm modified mode [ 'src/ed25519/fe_invert.c', 420, 438 ]
370 silly gunzTarPerm extractEntry src/ed25519/fe_isnegative.c
371 silly gunzTarPerm modified mode [ 'src/ed25519/fe_isnegative.c', 420, 438 ]
372 silly gunzTarPerm extractEntry src/ed25519/fe_isnonzero.c
373 silly gunzTarPerm modified mode [ 'src/ed25519/fe_isnonzero.c', 420, 438 ]
374 silly gunzTarPerm extractEntry src/ed25519/fe_mul.c
375 silly gunzTarPerm modified mode [ 'src/ed25519/fe_mul.c', 420, 438 ]
376 silly gunzTarPerm extractEntry src/ed25519/fe_neg.c
377 silly gunzTarPerm modified mode [ 'src/ed25519/fe_neg.c', 420, 438 ]
378 silly gunzTarPerm extractEntry src/ed25519/fe_pow22523.c
379 silly gunzTarPerm modified mode [ 'src/ed25519/fe_pow22523.c', 420, 438 ]
380 silly gunzTarPerm extractEntry src/ed25519/fe_sq.c
381 silly gunzTarPerm modified mode [ 'src/ed25519/fe_sq.c', 420, 438 ]
382 silly gunzTarPerm extractEntry src/ed25519/fe_sq2.c
383 silly gunzTarPerm modified mode [ 'src/ed25519/fe_sq2.c', 420, 438 ]
384 silly gunzTarPerm extractEntry src/ed25519/fe_sub.c
385 silly gunzTarPerm modified mode [ 'src/ed25519/fe_sub.c', 420, 438 ]
386 silly gunzTarPerm extractEntry src/ed25519/fe_tobytes.c
387 silly gunzTarPerm modified mode [ 'src/ed25519/fe_tobytes.c', 420, 438 ]
388 silly gunzTarPerm extractEntry src/ed25519/ge.h
389 silly gunzTarPerm modified mode [ 'src/ed25519/ge.h', 420, 438 ]
390 silly gunzTarPerm extractEntry src/ed25519/ge_add.c
391 silly gunzTarPerm modified mode [ 'src/ed25519/ge_add.c', 420, 438 ]
392 silly gunzTarPerm extractEntry src/ed25519/base.h
393 silly gunzTarPerm modified mode [ 'src/ed25519/base.h', 420, 438 ]
394 silly gunzTarPerm extractEntry src/ed25519/ge_double_scalarmult.c
395 silly gunzTarPerm modified mode [ 'src/ed25519/ge_double_scalarmult.c', 420, 438 ]
396 silly gunzTarPerm extractEntry src/ed25519/ge_frombytes.c
397 silly gunzTarPerm modified mode [ 'src/ed25519/ge_frombytes.c', 420, 438 ]
398 silly gunzTarPerm extractEntry src/ed25519/ge_madd.c
399 silly gunzTarPerm modified mode [ 'src/ed25519/ge_madd.c', 420, 438 ]
400 silly gunzTarPerm extractEntry src/ed25519/ge_madd.h
401 silly gunzTarPerm modified mode [ 'src/ed25519/ge_madd.h', 420, 438 ]
402 silly gunzTarPerm extractEntry src/ed25519/ge_msub.c
403 silly gunzTarPerm modified mode [ 'src/ed25519/ge_msub.c', 420, 438 ]
404 silly gunzTarPerm extractEntry src/ed25519/ge_msub.h
405 silly gunzTarPerm modified mode [ 'src/ed25519/ge_msub.h', 420, 438 ]
406 silly gunzTarPerm extractEntry src/ed25519/ge_p1p1_to_p2.c
407 silly gunzTarPerm modified mode [ 'src/ed25519/ge_p1p1_to_p2.c', 420, 438 ]
408 silly gunzTarPerm extractEntry src/ed25519/ge_p1p1_to_p3.c
409 silly gunzTarPerm modified mode [ 'src/ed25519/ge_p1p1_to_p3.c', 420, 438 ]
410 silly gunzTarPerm extractEntry src/ed25519/ge_p2_0.c
411 silly gunzTarPerm modified mode [ 'src/ed25519/ge_p2_0.c', 420, 438 ]
412 silly gunzTarPerm extractEntry src/ed25519/ge_p2_dbl.c
413 silly gunzTarPerm modified mode [ 'src/ed25519/ge_p2_dbl.c', 420, 438 ]
414 silly gunzTarPerm extractEntry src/ed25519/ge_p2_dbl.h
415 silly gunzTarPerm modified mode [ 'src/ed25519/ge_p2_dbl.h', 420, 438 ]
416 silly gunzTarPerm extractEntry src/ed25519/ge_p3_0.c
417 silly gunzTarPerm modified mode [ 'src/ed25519/ge_p3_0.c', 420, 438 ]
418 silly gunzTarPerm extractEntry src/ed25519/ge_p3_dbl.c
419 silly gunzTarPerm modified mode [ 'src/ed25519/ge_p3_dbl.c', 420, 438 ]
420 silly gunzTarPerm extractEntry src/ed25519/ge_p3_to_cached.c
421 silly gunzTarPerm modified mode [ 'src/ed25519/ge_p3_to_cached.c', 420, 438 ]
422 silly gunzTarPerm extractEntry src/ed25519/ge_p3_to_p2.c
423 silly gunzTarPerm modified mode [ 'src/ed25519/ge_p3_to_p2.c', 420, 438 ]
424 silly gunzTarPerm extractEntry src/ed25519/ge_p3_tobytes.c
425 silly gunzTarPerm modified mode [ 'src/ed25519/ge_p3_tobytes.c', 420, 438 ]
426 silly gunzTarPerm extractEntry src/ed25519/ge_precomp_0.c
427 silly gunzTarPerm modified mode [ 'src/ed25519/ge_precomp_0.c', 420, 438 ]
428 silly gunzTarPerm extractEntry src/ed25519/ge_scalarmult_base.c
429 silly gunzTarPerm modified mode [ 'src/ed25519/ge_scalarmult_base.c', 420, 438 ]
430 silly gunzTarPerm extractEntry src/ed25519/ge_sub.c
431 silly gunzTarPerm modified mode [ 'src/ed25519/ge_sub.c', 420, 438 ]
432 silly gunzTarPerm extractEntry src/ed25519/ge_sub.h
433 silly gunzTarPerm modified mode [ 'src/ed25519/ge_sub.h', 420, 438 ]
434 silly gunzTarPerm extractEntry src/ed25519/ge_tobytes.c
435 silly gunzTarPerm modified mode [ 'src/ed25519/ge_tobytes.c', 420, 438 ]
436 silly gunzTarPerm extractEntry src/ed25519/keypair.c
437 silly gunzTarPerm modified mode [ 'src/ed25519/keypair.c', 420, 438 ]
438 silly gunzTarPerm extractEntry src/ed25519/open.c
439 silly gunzTarPerm modified mode [ 'src/ed25519/open.c', 420, 438 ]
440 silly gunzTarPerm extractEntry src/ed25519/pow22523.h
441 silly gunzTarPerm modified mode [ 'src/ed25519/pow22523.h', 420, 438 ]
442 silly gunzTarPerm extractEntry src/ed25519/pow225521.h
443 silly gunzTarPerm modified mode [ 'src/ed25519/pow225521.h', 420, 438 ]
444 silly gunzTarPerm extractEntry src/ed25519/sc.h
445 silly gunzTarPerm modified mode [ 'src/ed25519/sc.h', 420, 438 ]
446 silly gunzTarPerm extractEntry src/ed25519/sc_muladd.c
447 silly gunzTarPerm modified mode [ 'src/ed25519/sc_muladd.c', 420, 438 ]
448 silly gunzTarPerm extractEntry src/ed25519/sc_reduce.c
449 silly gunzTarPerm modified mode [ 'src/ed25519/sc_reduce.c', 420, 438 ]
450 silly gunzTarPerm extractEntry src/ed25519/sign.c
451 silly gunzTarPerm modified mode [ 'src/ed25519/sign.c', 420, 438 ]
452 silly gunzTarPerm extractEntry src/ed25519/sqrtm1.h
453 silly gunzTarPerm modified mode [ 'src/ed25519/sqrtm1.h', 420, 438 ]
454 silly gunzTarPerm extractEntry src/ed25519.cc
455 silly gunzTarPerm modified mode [ 'src/ed25519.cc', 420, 438 ]
456 silly gunzTarPerm extractEntry test/ed25519.js
457 silly gunzTarPerm modified mode [ 'test/ed25519.js', 420, 438 ]
458 silly gunzTarPerm extractEntry nan_converters.h
459 silly gunzTarPerm modified mode [ 'nan_converters.h', 436, 438 ]
460 silly gunzTarPerm extractEntry nan_implementation_12_inl.h
461 silly gunzTarPerm modified mode [ 'nan_implementation_12_inl.h', 436, 438 ]
462 silly gunzTarPerm extractEntry nan_implementation_pre_12_inl.h
463 silly gunzTarPerm modified mode [ 'nan_implementation_pre_12_inl.h', 436, 438 ]
464 silly gunzTarPerm extractEntry nan_json.h
465 silly gunzTarPerm modified mode [ 'nan_json.h', 436, 438 ]
466 silly gunzTarPerm extractEntry nan_maybe_43_inl.h
467 silly gunzTarPerm modified mode [ 'nan_maybe_43_inl.h', 436, 438 ]
468 silly gentlyRm D:\Work\Projects\Other\Web-Dev\Epione - C2C\EpioneBackend\node_modules\.staging\bindings-55dfaa01\node_modules is being purged
469 verbose gentlyRm don't care about contents; nuking D:\Work\Projects\Other\Web-Dev\Epione - C2C\EpioneBackend\node_modules\.staging\bindings-55dfaa01\node_modules
470 silly gunzTarPerm extractEntry nan_maybe_pre_43_inl.h
471 silly gunzTarPerm modified mode [ 'nan_maybe_pre_43_inl.h', 436, 438 ]
472 silly gunzTarPerm extractEntry nan_new.h
473 silly gunzTarPerm modified mode [ 'nan_new.h', 436, 438 ]
474 silly gunzTarPerm extractEntry nan_object_wrap.h
475 silly gunzTarPerm modified mode [ 'nan_object_wrap.h', 436, 438 ]
476 silly gunzTarPerm extractEntry nan_persistent_12_inl.h
477 silly gunzTarPerm modified mode [ 'nan_persistent_12_inl.h', 436, 438 ]
478 silly gunzTarPerm extractEntry nan_persistent_pre_12_inl.h
479 silly gunzTarPerm modified mode [ 'nan_persistent_pre_12_inl.h', 436, 438 ]
480 silly gunzTarPerm extractEntry nan_private.h
481 silly gunzTarPerm modified mode [ 'nan_private.h', 436, 438 ]
482 silly gunzTarPerm extractEntry nan_string_bytes.h
483 silly gunzTarPerm modified mode [ 'nan_string_bytes.h', 436, 438 ]
484 silly gunzTarPerm extractEntry nan_typedarray_contents.h
485 silly gunzTarPerm modified mode [ 'nan_typedarray_contents.h', 436, 438 ]
486 silly gentlyRm D:\Work\Projects\Other\Web-Dev\Epione - C2C\EpioneBackend\node_modules\.staging\sleep-66c06560\node_modules is being purged
487 verbose gentlyRm don't care about contents; nuking D:\Work\Projects\Other\Web-Dev\Epione - C2C\EpioneBackend\node_modules\.staging\sleep-66c06560\node_modules
488 silly gunzTarPerm extractEntry nan_weak.h
489 silly gunzTarPerm modified mode [ 'nan_weak.h', 436, 438 ]
490 silly gunzTarPerm extractEntry nan.h
491 silly gunzTarPerm modified mode [ 'nan.h', 436, 438 ]
492 silly gunzTarPerm extractEntry README.md
493 silly gunzTarPerm modified mode [ 'README.md', 436, 438 ]
494 silly gunzTarPerm extractEntry doc/asyncworker.md
495 silly gunzTarPerm modified mode [ 'doc/asyncworker.md', 436, 438 ]
496 silly gunzTarPerm extractEntry doc/buffers.md
497 silly gunzTarPerm modified mode [ 'doc/buffers.md', 436, 438 ]
498 silly gunzTarPerm extractEntry doc/callback.md
499 silly gunzTarPerm modified mode [ 'doc/callback.md', 436, 438 ]
500 silly gunzTarPerm extractEntry doc/converters.md
501 silly gunzTarPerm modified mode [ 'doc/converters.md', 436, 438 ]
502 silly gunzTarPerm extractEntry doc/errors.md
503 silly gunzTarPerm modified mode [ 'doc/errors.md', 436, 438 ]
504 silly gunzTarPerm extractEntry doc/json.md
505 silly gunzTarPerm modified mode [ 'doc/json.md', 436, 438 ]
506 silly gunzTarPerm extractEntry doc/maybe_types.md
507 silly gunzTarPerm modified mode [ 'doc/maybe_types.md', 436, 438 ]
508 silly gunzTarPerm extractEntry doc/methods.md
509 silly gunzTarPerm modified mode [ 'doc/methods.md', 436, 438 ]
510 silly gunzTarPerm extractEntry doc/new.md
511 silly gunzTarPerm modified mode [ 'doc/new.md', 436, 438 ]
512 silly gunzTarPerm extractEntry doc/node_misc.md
513 silly gunzTarPerm modified mode [ 'doc/node_misc.md', 436, 438 ]
514 silly gunzTarPerm extractEntry doc/object_wrappers.md
515 silly gunzTarPerm modified mode [ 'doc/object_wrappers.md', 436, 438 ]
516 silly gunzTarPerm extractEntry doc/persistent.md
517 silly gunzTarPerm modified mode [ 'doc/persistent.md', 436, 438 ]
518 silly gunzTarPerm extractEntry doc/scopes.md
519 silly gunzTarPerm modified mode [ 'doc/scopes.md', 436, 438 ]
520 silly gunzTarPerm extractEntry doc/script.md
521 silly gunzTarPerm modified mode [ 'doc/script.md', 436, 438 ]
522 silly gunzTarPerm extractEntry doc/string_bytes.md
523 silly gunzTarPerm modified mode [ 'doc/string_bytes.md', 436, 438 ]
524 silly gunzTarPerm extractEntry doc/v8_internals.md
525 silly gunzTarPerm modified mode [ 'doc/v8_internals.md', 436, 438 ]
526 silly gunzTarPerm extractEntry doc/v8_misc.md
527 silly gunzTarPerm modified mode [ 'doc/v8_misc.md', 436, 438 ]
528 silly gunzTarPerm extractEntry tools/1to2.js
529 silly gunzTarPerm modified mode [ 'tools/1to2.js', 509, 511 ]
530 silly gunzTarPerm extractEntry tools/package.json
531 silly gunzTarPerm modified mode [ 'tools/package.json', 436, 438 ]
532 silly gunzTarPerm extractEntry tools/README.md
533 silly gunzTarPerm modified mode [ 'tools/README.md', 436, 438 ]
534 silly gentlyRm D:\Work\Projects\Other\Web-Dev\Epione - C2C\EpioneBackend\node_modules\.staging\nan-2e64132b\node_modules is being purged
535 verbose gentlyRm don't care about contents; nuking D:\Work\Projects\Other\Web-Dev\Epione - C2C\EpioneBackend\node_modules\.staging\nan-2e64132b\node_modules
536 silly gentlyRm D:\Work\Projects\Other\Web-Dev\Epione - C2C\EpioneBackend\node_modules\.staging\ed25519-0130a380\node_modules is being purged
537 verbose gentlyRm don't care about contents; nuking D:\Work\Projects\Other\Web-Dev\Epione - C2C\EpioneBackend\node_modules\.staging\ed25519-0130a380\node_modules
538 silly doParallel preinstall 4
539 silly preinstall bindings@1.3.0 D:\Work\Projects\Other\Web-Dev\Epione - C2C\EpioneBackend\node_modules\.staging\bindings-55dfaa01
540 info lifecycle bindings@1.3.0~preinstall: bindings@1.3.0
541 silly preinstall nan@2.9.2 D:\Work\Projects\Other\Web-Dev\Epione - C2C\EpioneBackend\node_modules\.staging\nan-2e64132b
542 info lifecycle nan@2.9.2~preinstall: nan@2.9.2
543 silly preinstall ed25519@0.0.4 D:\Work\Projects\Other\Web-Dev\Epione - C2C\EpioneBackend\node_modules\.staging\ed25519-0130a380
544 info lifecycle ed25519@0.0.4~preinstall: ed25519@0.0.4
545 silly preinstall sleep@5.1.1 D:\Work\Projects\Other\Web-Dev\Epione - C2C\EpioneBackend\node_modules\.staging\sleep-66c06560
546 info lifecycle sleep@5.1.1~preinstall: sleep@5.1.1
547 silly lifecycle bindings@1.3.0~preinstall: no script for preinstall, continuing
548 silly lifecycle nan@2.9.2~preinstall: no script for preinstall, continuing
549 silly lifecycle sleep@5.1.1~preinstall: no script for preinstall, continuing
550 silly lifecycle ed25519@0.0.4~preinstall: no script for preinstall, continuing
551 silly doReverseSerial remove 0
552 silly doSerial move 0
553 silly doSerial finalize 4
554 silly finalize D:\Work\Projects\Other\Web-Dev\Epione - C2C\EpioneBackend\node_modules\bindings
555 silly finalize D:\Work\Projects\Other\Web-Dev\Epione - C2C\EpioneBackend\node_modules\nan
556 silly finalize D:\Work\Projects\Other\Web-Dev\Epione - C2C\EpioneBackend\node_modules\ed25519
557 silly finalize D:\Work\Projects\Other\Web-Dev\Epione - C2C\EpioneBackend\node_modules\sleep
558 silly doSerial build 4
559 silly build bindings@1.3.0
560 info linkStuff bindings@1.3.0
561 silly linkStuff bindings@1.3.0 has D:\Work\Projects\Other\Web-Dev\Epione - C2C\EpioneBackend\node_modules as its parent node_modules
562 verbose linkBins bindings@1.3.0
563 verbose linkMans bindings@1.3.0
564 silly build nan@2.9.2
565 info linkStuff nan@2.9.2
566 silly linkStuff nan@2.9.2 has D:\Work\Projects\Other\Web-Dev\Epione - C2C\EpioneBackend\node_modules as its parent node_modules
567 verbose linkBins nan@2.9.2
568 verbose linkMans nan@2.9.2
569 silly build ed25519@0.0.4
570 info linkStuff ed25519@0.0.4
571 silly linkStuff ed25519@0.0.4 has D:\Work\Projects\Other\Web-Dev\Epione - C2C\EpioneBackend\node_modules as its parent node_modules
572 verbose linkBins ed25519@0.0.4
573 verbose linkMans ed25519@0.0.4
574 silly build sleep@5.1.1
575 info linkStuff sleep@5.1.1
576 silly linkStuff sleep@5.1.1 has D:\Work\Projects\Other\Web-Dev\Epione - C2C\EpioneBackend\node_modules as its parent node_modules
577 verbose linkBins sleep@5.1.1
578 verbose linkMans sleep@5.1.1
579 silly doSerial global-link 0
580 silly doParallel update-linked 0
581 silly doSerial install 4
582 silly install bindings@1.3.0 D:\Work\Projects\Other\Web-Dev\Epione - C2C\EpioneBackend\node_modules\.staging\bindings-55dfaa01
583 info lifecycle bindings@1.3.0~install: bindings@1.3.0
584 silly lifecycle bindings@1.3.0~install: no script for install, continuing
585 silly install nan@2.9.2 D:\Work\Projects\Other\Web-Dev\Epione - C2C\EpioneBackend\node_modules\.staging\nan-2e64132b
586 info lifecycle nan@2.9.2~install: nan@2.9.2
587 silly lifecycle nan@2.9.2~install: no script for install, continuing
588 silly install ed25519@0.0.4 D:\Work\Projects\Other\Web-Dev\Epione - C2C\EpioneBackend\node_modules\.staging\ed25519-0130a380
589 info lifecycle ed25519@0.0.4~install: ed25519@0.0.4
590 verbose lifecycle ed25519@0.0.4~install: unsafe-perm in lifecycle true
591 verbose lifecycle ed25519@0.0.4~install: PATH: C:\Program Files\nodejs\node_modules\npm\bin\node-gyp-bin;D:\Work\Projects\Other\Web-Dev\Epione - C2C\EpioneBackend\node_modules\ed25519\node_modules\.bin;D:\Work\Projects\Other\Web-Dev\Epione - C2C\EpioneBackend\node_modules\.bin;C:\ProgramData\Anaconda3;C:\ProgramData\Anaconda3\Library\mingw-w64\bin;C:\ProgramData\Anaconda3\Library\usr\bin;C:\ProgramData\Anaconda3\Library\bin;C:\ProgramData\Anaconda3\Scripts;C:\ProgramData\Oracle\Java\javapath;C:\Program Files (x86)\Intel\iCLS Client\;C:\Program Files\Intel\iCLS Client\;C:\Windows\system32;C:\Windows;C:\Windows\System32\Wbem;C:\Windows\System32\WindowsPowerShell\v1.0\;C:\Program Files (x86)\Intel\Intel(R) Management Engine Components\DAL;C:\Program Files\Intel\Intel(R) Management Engine Components\DAL;C:\Program Files (x86)\Intel\Intel(R) Management Engine Components\IPT;C:\Program Files\Intel\Intel(R) Management Engine Components\IPT;C:\Program Files\nodejs\;C:\Program Files (x86)\OpenVPN\bin;C:\Program Files (x86)\NVIDIA Corporation\PhysX\Common;C:\Users\acer\AppData\Local\Microsoft\WindowsApps;C:\Users\acer\AppData\Roaming\npm
592 verbose lifecycle ed25519@0.0.4~install: CWD: D:\Work\Projects\Other\Web-Dev\Epione - C2C\EpioneBackend\node_modules\ed25519
593 silly lifecycle ed25519@0.0.4~install: Args: [ '/d /s /c', 'node-gyp rebuild' ]
594 silly lifecycle ed25519@0.0.4~install: Returned: code: 1  signal: null
595 info lifecycle ed25519@0.0.4~install: Failed to exec install script
596 silly install sleep@5.1.1 D:\Work\Projects\Other\Web-Dev\Epione - C2C\EpioneBackend\node_modules\.staging\sleep-66c06560
597 info lifecycle sleep@5.1.1~install: sleep@5.1.1
598 verbose lifecycle sleep@5.1.1~install: unsafe-perm in lifecycle true
599 verbose lifecycle sleep@5.1.1~install: PATH: C:\Program Files\nodejs\node_modules\npm\bin\node-gyp-bin;D:\Work\Projects\Other\Web-Dev\Epione - C2C\EpioneBackend\node_modules\sleep\node_modules\.bin;D:\Work\Projects\Other\Web-Dev\Epione - C2C\EpioneBackend\node_modules\.bin;C:\ProgramData\Anaconda3;C:\ProgramData\Anaconda3\Library\mingw-w64\bin;C:\ProgramData\Anaconda3\Library\usr\bin;C:\ProgramData\Anaconda3\Library\bin;C:\ProgramData\Anaconda3\Scripts;C:\ProgramData\Oracle\Java\javapath;C:\Program Files (x86)\Intel\iCLS Client\;C:\Program Files\Intel\iCLS Client\;C:\Windows\system32;C:\Windows;C:\Windows\System32\Wbem;C:\Windows\System32\WindowsPowerShell\v1.0\;C:\Program Files (x86)\Intel\Intel(R) Management Engine Components\DAL;C:\Program Files\Intel\Intel(R) Management Engine Components\DAL;C:\Program Files (x86)\Intel\Intel(R) Management Engine Components\IPT;C:\Program Files\Intel\Intel(R) Management Engine Components\IPT;C:\Program Files\nodejs\;C:\Program Files (x86)\OpenVPN\bin;C:\Program Files (x86)\NVIDIA Corporation\PhysX\Common;C:\Users\acer\AppData\Local\Microsoft\WindowsApps;C:\Users\acer\AppData\Roaming\npm
600 verbose lifecycle sleep@5.1.1~install: CWD: D:\Work\Projects\Other\Web-Dev\Epione - C2C\EpioneBackend\node_modules\sleep
601 silly lifecycle sleep@5.1.1~install: Args: [ '/d /s /c', 'node-gyp rebuild' ]
602 silly lifecycle sleep@5.1.1~install: Returned: code: 1  signal: null
603 info lifecycle sleep@5.1.1~install: Failed to exec install script
604 verbose unlock done using C:\Users\acer\AppData\Roaming\npm-cache\_locks\staging-85642fb98138858f.lock for D:\Work\Projects\Other\Web-Dev\Epione - C2C\EpioneBackend\node_modules\.staging
605 silly rollbackFailedOptional Starting
606 silly rollbackFailedOptional Finishing
607 silly runTopLevelLifecycles Finishing
608 silly install printInstalled
609 warn epionebackend@1.0.0 No description
610 verbose If you need help, you may report this error at:
610 verbose     <https://github.com/npm/npm/issues>
611 warn epionebackend@1.0.0 No repository field.
612 verbose If you need help, you may report this error at:
612 verbose     <https://github.com/npm/npm/issues>
613 warn optional SKIPPING OPTIONAL DEPENDENCY: ed25519@0.0.4 (node_modules\ed25519):
614 warn optional SKIPPING OPTIONAL DEPENDENCY: ed25519@0.0.4 install: `node-gyp rebuild`
614 warn optional SKIPPING OPTIONAL DEPENDENCY: Exit status 1
615 verbose optional SKIPPING OPTIONAL DEPENDENCY:
615 verbose optional Failed at the ed25519@0.0.4 install script 'node-gyp rebuild'.
615 verbose optional SKIPPING OPTIONAL DEPENDENCY: Make sure you have the latest version of node.js and npm installed.
615 verbose optional SKIPPING OPTIONAL DEPENDENCY: If you do, this is most likely a problem with the ed25519 package,
615 verbose optional SKIPPING OPTIONAL DEPENDENCY: not with npm itself.
615 verbose optional SKIPPING OPTIONAL DEPENDENCY: Tell the author that this fails on your system:
615 verbose optional SKIPPING OPTIONAL DEPENDENCY:     node-gyp rebuild
615 verbose optional SKIPPING OPTIONAL DEPENDENCY: You can get information on how to open an issue for this project with:
615 verbose optional SKIPPING OPTIONAL DEPENDENCY:     npm bugs ed25519
615 verbose optional SKIPPING OPTIONAL DEPENDENCY: Or if that isn't available, you can get their info via:
615 verbose optional SKIPPING OPTIONAL DEPENDENCY:     npm owner ls ed25519
615 verbose optional SKIPPING OPTIONAL DEPENDENCY: There is likely additional logging output above.
616 verbose stack Error: sleep@5.1.1 install: `node-gyp rebuild`
616 verbose stack Exit status 1
616 verbose stack     at EventEmitter.<anonymous> (C:\Program Files\nodejs\node_modules\npm\lib\utils\lifecycle.js:255:16)
616 verbose stack     at emitTwo (events.js:106:13)
616 verbose stack     at EventEmitter.emit (events.js:191:7)
616 verbose stack     at ChildProcess.<anonymous> (C:\Program Files\nodejs\node_modules\npm\lib\utils\spawn.js:40:14)
616 verbose stack     at emitTwo (events.js:106:13)
616 verbose stack     at ChildProcess.emit (events.js:191:7)
616 verbose stack     at maybeClose (internal/child_process.js:886:16)
616 verbose stack     at Process.ChildProcess._handle.onexit (internal/child_process.js:226:5)
617 verbose pkgid sleep@5.1.1
618 verbose cwd D:\Work\Projects\Other\Web-Dev\Epione - C2C\EpioneBackend
619 error Windows_NT 10.0.16299
620 error argv "C:\\Program Files\\nodejs\\node.exe" "C:\\Program Files\\nodejs\\node_modules\\npm\\bin\\npm-cli.js" "install" "sleep" "--save"
621 error node v6.10.3
622 error npm  v3.10.10
623 error code ELIFECYCLE
624 error sleep@5.1.1 install: `node-gyp rebuild`
624 error Exit status 1
625 error Failed at the sleep@5.1.1 install script 'node-gyp rebuild'.
625 error Make sure you have the latest version of node.js and npm installed.
625 error If you do, this is most likely a problem with the sleep package,
625 error not with npm itself.
625 error Tell the author that this fails on your system:
625 error     node-gyp rebuild
625 error You can get information on how to open an issue for this project with:
625 error     npm bugs sleep
625 error Or if that isn't available, you can get their info via:
625 error     npm owner ls sleep
625 error There is likely additional logging output above.
626 verbose exit [ 1, true ]
